<?xml version="1.0" encoding="UTF-8"?>
<!-- Generated by org.testng.reporters.JUnitReportReporter -->
<testsuite hostname="DESKTOP-N00LOFS" failures="0" tests="1" name="AppiumPackage002GroupId.AppiumTest" time="421.120" errors="0" timestamp="27 Oct 2020 06:01:18 GMT">
  <testcase classname="AppiumPackage002GroupId.AppiumTest" name="testSearchAppium" time="421.120"/>
</testsuite> <!-- AppiumPackage002GroupId.AppiumTest -->
