<?xml version="1.0" encoding="UTF-8"?>
<!-- Generated by org.testng.reporters.JUnitReportReporter -->
<testsuite hostname="DESKTOP-N00LOFS" failures="0" tests="1" name="AppiumPackage002GroupId.AppiumTest" time="21.051" errors="0" timestamp="17 Oct 2020 10:37:56 GMT">
  <testcase classname="AppiumPackage002GroupId.AppiumTest" name="testSearchAppium" time="21.051"/>
</testsuite> <!-- AppiumPackage002GroupId.AppiumTest -->
