<?xml version="1.0" encoding="UTF-8"?>
<!-- Generated by org.testng.reporters.JUnitReportReporter -->
<testsuite hostname="DESKTOP-N00LOFS" failures="0" tests="1" name="AppiumPackage002GroupId.AppiumTest" time="22.996" errors="0" timestamp="19 Oct 2020 04:11:17 GMT">
  <testcase classname="AppiumPackage002GroupId.AppiumTest" name="testSearchAppium" time="22.996"/>
</testsuite> <!-- AppiumPackage002GroupId.AppiumTest -->
