<?xml version="1.0" encoding="UTF-8"?>
<!-- Generated by org.testng.reporters.JUnitReportReporter -->
<testsuite hostname="DESKTOP-N00LOFS" failures="0" tests="1" name="AppiumPackage002GroupId.AppiumTest" time="22.358" errors="0" timestamp="18 Oct 2020 06:30:08 GMT">
  <testcase classname="AppiumPackage002GroupId.AppiumTest" name="testSearchAppium" time="22.358"/>
</testsuite> <!-- AppiumPackage002GroupId.AppiumTest -->
